Your overall score for this assignment is 8.60 out of 10.00
The code you submitted did not pass all of our tests: your submission achieved a score of 6.74 out of 8.00 in our tests. In order to find bugs in your code, we advise to perform the following steps:

- Take a close look at the test output that you can find below: it should point you to the part of your code that has bugs.
- Run the tests that we provide with the handout on your code.
- The tests we provide do not test your code in depth: they are very incomplete. In order to test more aspects of your code, write your own unit tests.
- Take another very careful look at the assignment description. Try to find out if you misunderstood parts of it. While reading through the assignment, write more tests.

Below you can find a short feedback for every individual test that failed. Our automated style checker tool found issues in your code with respect to coding style: it computed a style score of 1.86 out of 2.00 for your submission. See below for detailed feedback.


======== LOG OF FAILED TESTS ========
Your solution achieved a testing score of 160 out of 190.
Below you can see a short feedback for every test that failed,
indicating the reason for the test failure and how many points you lost for each individual test.
Tests that were aborted took too long too complete or crashed the JVM.

[Test Description] pascal: symmetry [Observed Error] 22 [exception was thrown] detailed error message in debug output section below [Lost Points] 10 
[Test Description] pascal: base cases [Observed Error] 100 [exception was thrown] detailed error message in debug output section below [Lost Points] 10
[Test Description] balance: corner cases [Observed Error] Main.balance(scala.this.Predef.augmentString("(((hello)there)you)(").toList) was true false positive [Lost Points] 10


======== TESTING ENVIRONMENT ========
Limits: memory: 256m, total time: 850s, per test case time: 240s


======== DEBUG OUTPUT OF TESTING TOOL ======== 
[test failure log] test name: PascalSuite::pascal: base cases::10 java.lang.ArrayIndexOutOfBoundsException: 100 recfun.Main$.pascal(Main.scala:21) recfun.PascalSuite$$anonfun$4.apply$mcV$sp(PascalSuite.scala:46) ch.epfl.lamp.grading.GradingSuite$$anonfun$test$1.apply$mcV$sp(GradingSuite.scala:118) ch.epfl.lamp.grading.GradingSuite$$anonfun$test$1.apply(GradingSuite.scala:117) ch.epfl.lamp.grading.GradingSuite$$anonfun$test$1.apply(GradingSuite.scala:117) org.scalatest.Transformer$$anonfun$apply$1.apply$mcV$sp(Transformer.scala:22) org.scalatest.OutcomeOf$class.outcomeOf(OutcomeOf.scala:85) org.scalatest.OutcomeOf$.outcomeOf(OutcomeOf.scala:104) org.scalatest.Transformer.apply(Transformer.scala:22) org.scalatest.Transformer.apply(Transformer.scala:20) org.scalatest.FunSuiteLike$$anon$1.apply(FunSuiteLike.scala:166) org.scalatest.Suite$class.withFixture(Suite.scala:1122) org.scalatest.FunSuite.withFixture(FunSuite.scala:1555) org.scalatest.FunSuiteLike$class.invokeWithFixture$1(FunSuiteLike.scala:163) org.scalatest.FunSuiteLike$$anonfun$runTest$1.apply(FunSuiteLike.scala:175) org.scalatest.FunSuiteLike$$anonfun$runTest$1.apply(FunSuiteLike.scala:175) org.scalatest.SuperEngine.runTestImpl(Engine.scala:306) org.scalatest.FunSuiteLike$class.runTest(FunSuiteLike.scala:175) org.scalatest.FunSuite.runTest(FunSuite.scala:1555) org.scalatest.FunSuiteLike$$anonfun$runTests$1.apply(FunSuiteLike.scala:208) org.scalatest.FunSuiteLike$$anonfun$runTests$1.apply(FunSuiteLike.scala:208) org.scalatest.SuperEngine$$anonfun$traverseSubNodes$1$1.apply(Engine.scala:413) org.scalatest.SuperEngine$$anonfun$traverseSubNodes$1$1.apply(Engine.scala:401) scala.collection.immutable.List.foreach(List.scala:381) org.scalatest.SuperEngine.traverseSubNodes$1(Engine.scala:401) [test failure log] test name: PascalSuite::pascal: symmetry::10 java.lang.ArrayIndexOutOfBoundsException: 22 recfun.Main$.pascal(Main.scala:21) recfun.PascalSuite$$anonfun$5$$anonfun$apply$mcV$sp$1.apply$mcVI$sp(PascalSuite.scala:53) scala.collection.immutable.Range.foreach$mVc$sp(Range.scala:166) recfun.PascalSuite$$anonfun$5.apply$mcV$sp(PascalSuite.scala:52) ch.epfl.lamp.grading.GradingSuite$$anonfun$test$1.apply$mcV$sp(GradingSuite.scala:118) ch.epfl.lamp.grading.GradingSuite$$anonfun$test$1.apply(GradingSuite.scala:117) ch.epfl.lamp.grading.GradingSuite$$anonfun$test$1.apply(GradingSuite.scala:117) org.scalatest.Transformer$$anonfun$apply$1.apply$mcV$sp(Transformer.scala:22) org.scalatest.OutcomeOf$class.outcomeOf(OutcomeOf.scala:85) org.scalatest.OutcomeOf$.outcomeOf(OutcomeOf.scala:104) org.scalatest.Transformer.apply(Transformer.scala:22) org.scalatest.Transformer.apply(Transformer.scala:20) org.scalatest.FunSuiteLike$$anon$1.apply(FunSuiteLike.scala:166) org.scalatest.Suite$class.withFixture(Suite.scala:1122) org.scalatest.FunSuite.withFixture(FunSuite.scala:1555) org.scalatest.FunSuiteLike$class.invokeWithFixture$1(FunSuiteLike.scala:163) org.scalatest.FunSuiteLike$$anonfun$runTest$1.apply(FunSuiteLike.scala:175) org.scalatest.FunSuiteLike$$anonfun$runTest$1.apply(FunSuiteLike.scala:175) org.scalatest.SuperEngine.runTestImpl(Engine.scala:306) org.scalatest.FunSuiteLike$class.runTest(FunSuiteLike.scala:175) org.scalatest.FunSuite.runTest(FunSuite.scala:1555) org.scalatest.FunSuiteLike$$anonfun$runTests$1.apply(FunSuiteLike.scala:208) org.scalatest.FunSuiteLike$$anonfun$runTests$1.apply(FunSuiteLike.scala:208) org.scalatest.SuperEngine$$anonfun$traverseSubNodes$1$1.apply(Engine.scala:413) org.scalatest.SuperEngine$$anonfun$traverseSubNodes$1$1.apply(Engine.scala:401)

======== CODING STYLE ISSUES ========
Checking file /grader/repository/courses/progfun1/src/main/scala/common/package.scala... OK!
Checking file /grader/repository/courses/progfun1/src/main/scala/recfun/Main.scala...


1. warning.text at line 35 character 23: return.message 2. warning.
text at line 39 character 64: return.message 3. warning.text at line 48 character 19: return.message 4. warning.text at line 50 character 22: return.message 5. warning.text at line 51 character 11: return.message 6. warning.text at line 4 character 24: Avoid using mutable collections. 7. warning.text at line 36 character 20: Avoid using mutable collections. Processed 2 file(s) Found 0 errors Found 7 warnings